[debug] [2023-06-17T20:29:01.581Z] ----------------------------------------------------------------------
[debug] [2023-06-17T20:29:01.583Z] Command:       D:\Program Files\modules\node.exe C:\Users\Lenovo\AppData\Roaming\npm\node_modules\firebase-tools\lib\bin\firebase.js init
[debug] [2023-06-17T20:29:01.584Z] CLI Version:   12.4.0
[debug] [2023-06-17T20:29:01.584Z] Platform:      win32
[debug] [2023-06-17T20:29:01.584Z] Node Version:  v18.15.0
[debug] [2023-06-17T20:29:01.587Z] Time:          Sun Jun 18 2023 01:59:01 GMT+0530 (India Standard Time)
[debug] [2023-06-17T20:29:01.587Z] ----------------------------------------------------------------------
[debug] 
[debug] [2023-06-17T20:29:01.596Z] > command requires scopes: ["email","openid","https://www.googleapis.com/auth/cloudplatformprojects.readonly","https://www.googleapis.com/auth/firebase","https://www.googleapis.com/auth/cloud-platform"]
[debug] [2023-06-17T20:29:01.596Z] > authorizing via signed-in user (sakshiwanare16@gmail.com)
[info] 
     ######## #### ########  ######## ########     ###     ######  ########
     ##        ##  ##     ## ##       ##     ##  ##   ##  ##       ##
     ######    ##  ########  ######   ########  #########  ######  ######
     ##        ##  ##    ##  ##       ##     ## ##     ##       ## ##
     ##       #### ##     ## ######## ########  ##     ##  ######  ########

You're about to initialize a Firebase project in this directory:

  D:\Program Files\NodeDynamic

[info] 
=== Project Setup
[info] 
[info] First, let's associate this project directory with a Firebase project.
[info] You can create multiple project aliases by running firebase use --add, 
[info] but for now we'll just set up a default project.
[info] 
[debug] [2023-06-17T20:29:36.642Z] >>> [apiv2][query] GET https://firebase.googleapis.com/v1beta1/projects pageSize=100
[debug] [2023-06-17T20:29:37.985Z] <<< [apiv2][status] GET https://firebase.googleapis.com/v1beta1/projects 200
[debug] [2023-06-17T20:29:37.986Z] <<< [apiv2][body] GET https://firebase.googleapis.com/v1beta1/projects [omitted]
[debug] [2023-06-17T20:30:27.503Z] ----------------------------------------------------------------------
[debug] [2023-06-17T20:30:27.506Z] Command:       D:\Program Files\modules\node.exe C:\Users\Lenovo\AppData\Roaming\npm\node_modules\firebase-tools\lib\bin\firebase.js init
[debug] [2023-06-17T20:30:27.506Z] CLI Version:   12.4.0
[debug] [2023-06-17T20:30:27.507Z] Platform:      win32
[debug] [2023-06-17T20:30:27.507Z] Node Version:  v18.15.0
[debug] [2023-06-17T20:30:27.508Z] Time:          Sun Jun 18 2023 02:00:27 GMT+0530 (India Standard Time)
[debug] [2023-06-17T20:30:27.509Z] ----------------------------------------------------------------------
[debug] 
[debug] [2023-06-17T20:30:27.518Z] > command requires scopes: ["email","openid","https://www.googleapis.com/auth/cloudplatformprojects.readonly","https://www.googleapis.com/auth/firebase","https://www.googleapis.com/auth/cloud-platform"]
[debug] [2023-06-17T20:30:27.518Z] > authorizing via signed-in user (sakshiwanare16@gmail.com)
[info] 
     ######## #### ########  ######## ########     ###     ######  ########
     ##        ##  ##     ## ##       ##     ##  ##   ##  ##       ##
     ######    ##  ########  ######   ########  #########  ######  ######
     ##        ##  ##    ##  ##       ##     ## ##     ##       ## ##
     ##       #### ##     ## ######## ########  ##     ##  ######  ########

You're about to initialize a Firebase project in this directory:

  D:\Program Files\NodeDynamic

[info] 
=== Project Setup
[info] 
[info] First, let's associate this project directory with a Firebase project.
[info] You can create multiple project aliases by running firebase use --add, 
[info] but for now we'll just set up a default project.
[info] 
[info] i  If you want to create a project in a Google Cloud organization or folder, please use "firebase projects:create" instead, and return to this command when you've created the project. 
[debug] [2023-06-17T20:31:18.593Z] >>> [apiv2][query] POST https://cloudresourcemanager.googleapis.com/v1/projects [none]
[debug] [2023-06-17T20:31:18.595Z] >>> [apiv2][body] POST https://cloudresourcemanager.googleapis.com/v1/projects {"projectId":"ndynamicpro","name":"mypj"}
[debug] [2023-06-17T20:31:21.171Z] <<< [apiv2][status] POST https://cloudresourcemanager.googleapis.com/v1/projects 200
[debug] [2023-06-17T20:31:21.171Z] <<< [apiv2][body] POST https://cloudresourcemanager.googleapis.com/v1/projects {"name":"operations/cp.6262163378144816289"}
[debug] [2023-06-17T20:31:21.173Z] >>> [apiv2][query] GET https://cloudresourcemanager.googleapis.com/v1/operations/cp.6262163378144816289 [none]
[debug] [2023-06-17T20:31:23.133Z] <<< [apiv2][status] GET https://cloudresourcemanager.googleapis.com/v1/operations/cp.6262163378144816289 200
[debug] [2023-06-17T20:31:23.133Z] <<< [apiv2][body] GET https://cloudresourcemanager.googleapis.com/v1/operations/cp.6262163378144816289 {"name":"operations/cp.6262163378144816289"}
[debug] [2023-06-17T20:31:23.636Z] [Project Creation Poller] Retrying task index 0
[debug] [2023-06-17T20:31:23.637Z] >>> [apiv2][query] GET https://cloudresourcemanager.googleapis.com/v1/operations/cp.6262163378144816289 [none]
[debug] [2023-06-17T20:31:25.639Z] <<< [apiv2][status] GET https://cloudresourcemanager.googleapis.com/v1/operations/cp.6262163378144816289 200
[debug] [2023-06-17T20:31:25.639Z] <<< [apiv2][body] GET https://cloudresourcemanager.googleapis.com/v1/operations/cp.6262163378144816289 {"name":"operations/cp.6262163378144816289","metadata":{"@type":"type.googleapis.com/google.cloudresourcemanager.v1.ProjectCreationStatus","gettable":true,"ready":true},"done":true,"response":{"@type":"type.googleapis.com/google.cloudresourcemanager.v1.Project","projectNumber":"977985120523","projectId":"ndynamicpro","lifecycleState":"ACTIVE","name":"mypj","createTime":"2023-06-17T20:31:23.726Z"}}
[debug] [2023-06-17T20:31:25.643Z] >>> [apiv2][query] POST https://firebase.googleapis.com/v1beta1/projects/ndynamicpro:addFirebase [none]
[debug] [2023-06-17T20:31:30.056Z] <<< [apiv2][status] POST https://firebase.googleapis.com/v1beta1/projects/ndynamicpro:addFirebase 200
[debug] [2023-06-17T20:31:30.056Z] <<< [apiv2][body] POST https://firebase.googleapis.com/v1beta1/projects/ndynamicpro:addFirebase {"name":"operations/workflows/YTE5Yjc2MDEtOWE0Ny00NDhkLWJlZTktN2M0MGQ4ZjRiNDRj"}
[debug] [2023-06-17T20:31:30.057Z] >>> [apiv2][query] GET https://firebase.googleapis.com/v1beta1/operations/workflows/YTE5Yjc2MDEtOWE0Ny00NDhkLWJlZTktN2M0MGQ4ZjRiNDRj [none]
[debug] [2023-06-17T20:31:31.432Z] <<< [apiv2][status] GET https://firebase.googleapis.com/v1beta1/operations/workflows/YTE5Yjc2MDEtOWE0Ny00NDhkLWJlZTktN2M0MGQ4ZjRiNDRj 200
[debug] [2023-06-17T20:31:31.432Z] <<< [apiv2][body] GET https://firebase.googleapis.com/v1beta1/operations/workflows/YTE5Yjc2MDEtOWE0Ny00NDhkLWJlZTktN2M0MGQ4ZjRiNDRj {"name":"operations/workflows/YTE5Yjc2MDEtOWE0Ny00NDhkLWJlZTktN2M0MGQ4ZjRiNDRj"}
[debug] [2023-06-17T20:31:31.944Z] [Add Firebase Poller] Retrying task index 0
[debug] [2023-06-17T20:31:31.945Z] >>> [apiv2][query] GET https://firebase.googleapis.com/v1beta1/operations/workflows/YTE5Yjc2MDEtOWE0Ny00NDhkLWJlZTktN2M0MGQ4ZjRiNDRj [none]
[debug] [2023-06-17T20:31:33.083Z] <<< [apiv2][status] GET https://firebase.googleapis.com/v1beta1/operations/workflows/YTE5Yjc2MDEtOWE0Ny00NDhkLWJlZTktN2M0MGQ4ZjRiNDRj 200
[debug] [2023-06-17T20:31:33.083Z] <<< [apiv2][body] GET https://firebase.googleapis.com/v1beta1/operations/workflows/YTE5Yjc2MDEtOWE0Ny00NDhkLWJlZTktN2M0MGQ4ZjRiNDRj {"name":"operations/workflows/YTE5Yjc2MDEtOWE0Ny00NDhkLWJlZTktN2M0MGQ4ZjRiNDRj"}
[debug] [2023-06-17T20:31:34.085Z] [Add Firebase Poller] Retrying task index 0
[debug] [2023-06-17T20:31:34.086Z] >>> [apiv2][query] GET https://firebase.googleapis.com/v1beta1/operations/workflows/YTE5Yjc2MDEtOWE0Ny00NDhkLWJlZTktN2M0MGQ4ZjRiNDRj [none]
[debug] [2023-06-17T20:31:35.283Z] <<< [apiv2][status] GET https://firebase.googleapis.com/v1beta1/operations/workflows/YTE5Yjc2MDEtOWE0Ny00NDhkLWJlZTktN2M0MGQ4ZjRiNDRj 200
[debug] [2023-06-17T20:31:35.284Z] <<< [apiv2][body] GET https://firebase.googleapis.com/v1beta1/operations/workflows/YTE5Yjc2MDEtOWE0Ny00NDhkLWJlZTktN2M0MGQ4ZjRiNDRj {"name":"operations/workflows/YTE5Yjc2MDEtOWE0Ny00NDhkLWJlZTktN2M0MGQ4ZjRiNDRj"}
[debug] [2023-06-17T20:31:37.289Z] [Add Firebase Poller] Retrying task index 0
[debug] [2023-06-17T20:31:37.290Z] >>> [apiv2][query] GET https://firebase.googleapis.com/v1beta1/operations/workflows/YTE5Yjc2MDEtOWE0Ny00NDhkLWJlZTktN2M0MGQ4ZjRiNDRj [none]
[debug] [2023-06-17T20:31:38.166Z] <<< [apiv2][status] GET https://firebase.googleapis.com/v1beta1/operations/workflows/YTE5Yjc2MDEtOWE0Ny00NDhkLWJlZTktN2M0MGQ4ZjRiNDRj 200
[debug] [2023-06-17T20:31:38.166Z] <<< [apiv2][body] GET https://firebase.googleapis.com/v1beta1/operations/workflows/YTE5Yjc2MDEtOWE0Ny00NDhkLWJlZTktN2M0MGQ4ZjRiNDRj {"name":"operations/workflows/YTE5Yjc2MDEtOWE0Ny00NDhkLWJlZTktN2M0MGQ4ZjRiNDRj"}
[debug] [2023-06-17T20:31:42.165Z] [Add Firebase Poller] Retrying task index 0
[debug] [2023-06-17T20:31:42.166Z] >>> [apiv2][query] GET https://firebase.googleapis.com/v1beta1/operations/workflows/YTE5Yjc2MDEtOWE0Ny00NDhkLWJlZTktN2M0MGQ4ZjRiNDRj [none]
[debug] [2023-06-17T20:31:43.603Z] <<< [apiv2][status] GET https://firebase.googleapis.com/v1beta1/operations/workflows/YTE5Yjc2MDEtOWE0Ny00NDhkLWJlZTktN2M0MGQ4ZjRiNDRj 200
[debug] [2023-06-17T20:31:43.603Z] <<< [apiv2][body] GET https://firebase.googleapis.com/v1beta1/operations/workflows/YTE5Yjc2MDEtOWE0Ny00NDhkLWJlZTktN2M0MGQ4ZjRiNDRj {"name":"operations/workflows/YTE5Yjc2MDEtOWE0Ny00NDhkLWJlZTktN2M0MGQ4ZjRiNDRj","done":true,"response":{"@type":"type.googleapis.com/google.firebase.service.v1beta1.FirebaseProject","projectId":"ndynamicpro","projectNumber":"977985120523","displayName":"mypj","name":"projects/ndynamicpro","resources":{"hostingSite":"ndynamicpro"}}}
[info] 
[info] === Your Firebase project is ready! ===
[info] 
[info] Project information:
[info]    - Project ID: ndynamicpro
[info]    - Project Name: mypj
[info] 
[info] Firebase console is available at
[info] https://console.firebase.google.com/project/ndynamicpro/overview
[info] i  Using project ndynamicpro (mypj) 
[info] 
=== Hosting Setup
[info] 
[info] Your public directory is the folder (relative to your project directory) that
[info] will contain Hosting assets to be uploaded with firebase deploy. If you
[info] have a build process for your assets, use your build's output directory.
[info] 
[debug] [2023-06-17T20:32:09.247Z] >>> [apiv2][query] GET https://www.gstatic.com/firebasejs/releases.json [none]
[debug] [2023-06-17T20:32:09.696Z] <<< [apiv2][status] GET https://www.gstatic.com/firebasejs/releases.json 200
[debug] [2023-06-17T20:32:09.696Z] <<< [apiv2][body] GET https://www.gstatic.com/firebasejs/releases.json {"current":{"version":"9.22.2","browserURL":"https://www.gstatic.com/firebasejs/9.22.2/firebase.js","packageURL":"https://www.gstatic.com/firebasejs/9.22.2/firebase.tgz"},"live":{"version":"9.22","browserURL":"https://www.gstatic.com/firebasejs/live/9.22/firebase.js","packageURL":"https://www.gstatic.com/firebasejs/live/9.22/firebase.tgz"},"components":{"analytics":"https://www.gstatic.com/firebasejs/9.22.2/firebase-analytics.js","app":"https://www.gstatic.com/firebasejs/9.22.2/firebase-app.js","app-check":"https://www.gstatic.com/firebasejs/9.22.2/firebase-app-check.js","auth":"https://www.gstatic.com/firebasejs/9.22.2/firebase-auth.js","auth/cordova":"https://www.gstatic.com/firebasejs/9.22.2/firebase-auth/cordova.js","auth/react-native":"https://www.gstatic.com/firebasejs/9.22.2/firebase-auth/react-native.js","functions":"https://www.gstatic.com/firebasejs/9.22.2/firebase-functions.js","firestore":"https://www.gstatic.com/firebasejs/9.22.2/firebase-firestore.js","firestore/lite":"https://www.gstatic.com/firebasejs/9.22.2/firebase-firestore/lite.js","installations":"https://www.gstatic.com/firebasejs/9.22.2/firebase-installations.js","storage":"https://www.gstatic.com/firebasejs/9.22.2/firebase-storage.js","performance":"https://www.gstatic.com/firebasejs/9.22.2/firebase-performance.js","remote-config":"https://www.gstatic.com/firebasejs/9.22.2/firebase-remote-config.js","messaging":"https://www.gstatic.com/firebasejs/9.22.2/firebase-messaging.js","messaging/sw":"https://www.gstatic.com/firebasejs/9.22.2/firebase-messaging/sw.js","database":"https://www.gstatic.com/firebasejs/9.22.2/firebase-database.js","firestore.memory":"https://www.gstatic.com/firebasejs/9.22.2/firebase-firestore.memory.js"}}
[info] i  Skipping write of public/index.html 
[info] 
[info] i  Detected a .git folder at D:\Program Files\NodeDynamic 
[info] i  Authorizing with GitHub to upload your service account to a GitHub repository's secrets store. 
[info] 
[info] Visit this URL on this device to log in:
[info] https://github.com/login/oauth/authorize?client_id=89cf50f02ac6aaed3484&state=550579155&redirect_uri=http%3A%2F%2Flocalhost%3A9005&scope=read%3Auser%20repo%20public_repo
[info] 
[info] Waiting for authentication...
[debug] [2023-06-17T20:32:40.166Z] >>> [apiv2][query] POST https://github.com/login/oauth/access_token [none]
[debug] [2023-06-17T20:32:40.166Z] >>> [apiv2][body] POST https://github.com/login/oauth/access_token [stream]
[debug] [2023-06-17T20:32:40.951Z] <<< [apiv2][status] POST https://github.com/login/oauth/access_token 200
[debug] [2023-06-17T20:32:40.951Z] <<< [apiv2][body] POST https://github.com/login/oauth/access_token {"access_token":"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","token_type":"bearer","scope":"read:user,repo"}
[debug] [2023-06-17T20:32:40.968Z] >>> [apiv2][query] GET https://api.github.com/user [none]
[debug] [2023-06-17T20:32:41.732Z] <<< [apiv2][status] GET https://api.github.com/user 200
[debug] [2023-06-17T20:32:41.732Z] <<< [apiv2][body] GET https://api.github.com/user {"login":"sid28122005","id":115041731,"node_id":"U_kgDOBttlww","avatar_url":"https://avatars.githubusercontent.com/u/115041731?v=4","gravatar_id":"","url":"https://api.github.com/users/sid28122005","html_url":"https://github.com/sid28122005","followers_url":"https://api.github.com/users/sid28122005/followers","following_url":"https://api.github.com/users/sid28122005/following{/other_user}","gists_url":"https://api.github.com/users/sid28122005/gists{/gist_id}","starred_url":"https://api.github.com/users/sid28122005/starred{/owner}{/repo}","subscriptions_url":"https://api.github.com/users/sid28122005/subscriptions","organizations_url":"https://api.github.com/users/sid28122005/orgs","repos_url":"https://api.github.com/users/sid28122005/repos","events_url":"https://api.github.com/users/sid28122005/events{/privacy}","received_events_url":"https://api.github.com/users/sid28122005/received_events","type":"User","site_admin":false,"name":null,"company":null,"blog":"","location":null,"email":null,"hireable":null,"bio":null,"twitter_username":null,"public_repos":9,"public_gists":1,"followers":0,"following":1,"created_at":"2022-10-04T20:14:58Z","updated_at":"2023-06-17T20:32:40Z","private_gists":0,"total_private_repos":1,"owned_private_repos":1,"disk_usage":3936,"collaborators":0,"two_factor_authentication":false,"plan":{"name":"free","space":976562499,"collaborators":0,"private_repos":10000}}
[info] 
[info] +  Success! Logged into GitHub as sid28122005 
[info] 
[debug] [2023-06-17T20:34:39.352Z] >>> [apiv2][query] GET https://api.github.com/repos/sid28122005/Dynamic-by-site-mernbackend/actions/secrets/public-key type=owner
[debug] [2023-06-17T20:34:40.109Z] <<< [apiv2][status] GET https://api.github.com/repos/sid28122005/Dynamic-by-site-mernbackend/actions/secrets/public-key 404
[debug] [2023-06-17T20:34:40.109Z] <<< [apiv2][body] GET https://api.github.com/repos/sid28122005/Dynamic-by-site-mernbackend/actions/secrets/public-key {"message":"Not Found","documentation_url":"https://docs.github.com/rest/reference/actions#get-a-repository-public-key"}
[info] 
[info] 
[error] !  The provided authorization cannot be used with this repository. If this repository is in an organization, did you remember to grant access? 
[info] 
[info] i  Action required: Visit this URL to ensure access has been granted to the appropriate organization(s) for the Firebase CLI GitHub OAuth App: 
[info] https://github.com/settings/connections/applications/89cf50f02ac6aaed3484
[info] 
[debug] [2023-06-17T20:36:37.829Z] >>> [apiv2][query] GET https://api.github.com/repos/sid28122005/Dynamic-by-site-mernbackend/actions/secrets/public-key type=owner
[debug] [2023-06-17T20:36:38.372Z] <<< [apiv2][status] GET https://api.github.com/repos/sid28122005/Dynamic-by-site-mernbackend/actions/secrets/public-key 404
[debug] [2023-06-17T20:36:38.372Z] <<< [apiv2][body] GET https://api.github.com/repos/sid28122005/Dynamic-by-site-mernbackend/actions/secrets/public-key {"message":"Not Found","documentation_url":"https://docs.github.com/rest/reference/actions#get-a-repository-public-key"}
[info] 
[info] 
[error] !  The provided authorization cannot be used with this repository. If this repository is in an organization, did you remember to grant access? 
[info] 
[info] i  Action required: Visit this URL to ensure access has been granted to the appropriate organization(s) for the Firebase CLI GitHub OAuth App: 
[info] https://github.com/settings/connections/applications/89cf50f02ac6aaed3484
[info] 
[debug] [2023-06-17T20:36:55.244Z] >>> [apiv2][query] GET https://api.github.com/repos/Dynamic-by-site-mernbackend/actions/secrets/public-key type=owner
[debug] [2023-06-17T20:36:55.745Z] <<< [apiv2][status] GET https://api.github.com/repos/Dynamic-by-site-mernbackend/actions/secrets/public-key 404
[debug] [2023-06-17T20:36:55.745Z] <<< [apiv2][body] GET https://api.github.com/repos/Dynamic-by-site-mernbackend/actions/secrets/public-key {"message":"Not Found","documentation_url":"https://docs.github.com/rest"}
[info] 
[info] 
[error] !  The provided authorization cannot be used with this repository. If this repository is in an organization, did you remember to grant access? 
[info] 
[info] i  Action required: Visit this URL to ensure access has been granted to the appropriate organization(s) for the Firebase CLI GitHub OAuth App: 
[info] https://github.com/settings/connections/applications/89cf50f02ac6aaed3484
[info] 
[debug] [2023-06-17T20:36:56.637Z] >>> [apiv2][query] GET https://api.github.com/repos/Dynamic-by-site-mernbackend/actions/secrets/public-key type=owner
[debug] [2023-06-17T20:36:57.160Z] <<< [apiv2][status] GET https://api.github.com/repos/Dynamic-by-site-mernbackend/actions/secrets/public-key 404
[debug] [2023-06-17T20:36:57.161Z] <<< [apiv2][body] GET https://api.github.com/repos/Dynamic-by-site-mernbackend/actions/secrets/public-key {"message":"Not Found","documentation_url":"https://docs.github.com/rest"}
[info] 
[info] 
[error] !  The provided authorization cannot be used with this repository. If this repository is in an organization, did you remember to grant access? 
[info] 
[info] i  Action required: Visit this URL to ensure access has been granted to the appropriate organization(s) for the Firebase CLI GitHub OAuth App: 
[info] https://github.com/settings/connections/applications/89cf50f02ac6aaed3484
[info] 
